<?xml version="1.0" encoding="UTF-8"?>
<!-- Generated by org.testng.reporters.JUnitXMLReporter -->
<testsuite ignored="14" hostname="DESKTOP-24HNAOI" failures="0" tests="1" name="Default test" time="8.687" errors="0" timestamp="2025-05-15T16:05:32 EET">
  <testcase classname="codenboxautomationllab.AppTest" name="IframeTest" time="0.283"/>
  <testcase classname="codenboxautomationllab.AppTest" name="SwitchTab" time="0.0">
    <ignored/>
  </testcase> <!-- SwitchTab -->
  <testcase classname="codenboxautomationllab.AppTest" name="AlertTag" time="0.0">
    <ignored/>
  </testcase> <!-- AlertTag -->
  <testcase classname="codenboxautomationllab.AppTest" name="EnableTest" time="0.0">
    <ignored/>
  </testcase> <!-- EnableTest -->
  <testcase classname="codenboxautomationllab.AppTest" name="SwitchWnidows" time="0.0">
    <ignored/>
  </testcase> <!-- SwitchWnidows -->
  <testcase classname="codenboxautomationllab.AppTest" name="MouseHover" time="0.0">
    <ignored/>
  </testcase> <!-- MouseHover -->
  <testcase classname="codenboxautomationllab.AppTest" name="BookingCalenderTest" time="0.0">
    <ignored/>
  </testcase> <!-- BookingCalenderTest -->
  <testcase classname="codenboxautomationllab.AppTest" name="ShowTest" time="0.0">
    <ignored/>
  </testcase> <!-- ShowTest -->
  <testcase classname="codenboxautomationllab.AppTest" name="DisableTest" time="0.0">
    <ignored/>
  </testcase> <!-- DisableTest -->
  <testcase classname="codenboxautomationllab.AppTest" name="CheckBoxTest" time="0.0">
    <ignored/>
  </testcase> <!-- CheckBoxTest -->
  <testcase classname="codenboxautomationllab.AppTest" name="HideTest" time="0.0">
    <ignored/>
  </testcase> <!-- HideTest -->
  <testcase classname="codenboxautomationllab.AppTest" name="TableTest" time="0.0">
    <ignored/>
  </testcase> <!-- TableTest -->
  <testcase classname="codenboxautomationllab.AppTest" name="RadioButtonTest" time="0.0">
    <ignored/>
  </testcase> <!-- RadioButtonTest -->
  <testcase classname="codenboxautomationllab.AppTest" name="DynamicDropDownTest" time="0.0">
    <ignored/>
  </testcase> <!-- DynamicDropDownTest -->
  <testcase classname="codenboxautomationllab.AppTest" name="StaticDropDownTest" time="0.0">
    <ignored/>
  </testcase> <!-- StaticDropDownTest -->
</testsuite> <!-- Default test -->
