<?xml version="1.0" encoding="UTF-8"?>
<!-- Generated by org.testng.reporters.JUnitXMLReporter -->
<testsuite ignored="8" hostname="DESKTOP-24HNAOI" failures="0" tests="2" name="Default test" time="8.16" errors="0" timestamp="2025-05-13T23:28:55 EET">
  <testcase classname="codenboxautomationllab.AppTest" name="HideTest" time="1.186"/>
  <testcase classname="codenboxautomationllab.AppTest" name="ShowTest" time="1.106"/>
  <testcase classname="codenboxautomationllab.AppTest" name="SwitchTab" time="0.0">
    <ignored/>
  </testcase> <!-- SwitchTab -->
  <testcase classname="codenboxautomationllab.AppTest" name="AlertTag" time="0.0">
    <ignored/>
  </testcase> <!-- AlertTag -->
  <testcase classname="codenboxautomationllab.AppTest" name="SwitchWnidows" time="0.0">
    <ignored/>
  </testcase> <!-- SwitchWnidows -->
  <testcase classname="codenboxautomationllab.AppTest" name="CheckBoxTest" time="0.0">
    <ignored/>
  </testcase> <!-- CheckBoxTest -->
  <testcase classname="codenboxautomationllab.AppTest" name="TableTest" time="0.0">
    <ignored/>
  </testcase> <!-- TableTest -->
  <testcase classname="codenboxautomationllab.AppTest" name="RadioButtonTest" time="0.0">
    <ignored/>
  </testcase> <!-- RadioButtonTest -->
  <testcase classname="codenboxautomationllab.AppTest" name="DynamicDropDownTest" time="0.0">
    <ignored/>
  </testcase> <!-- DynamicDropDownTest -->
  <testcase classname="codenboxautomationllab.AppTest" name="StaticDropDownTest" time="0.0">
    <ignored/>
  </testcase> <!-- StaticDropDownTest -->
</testsuite> <!-- Default test -->
