<?xml version="1.0" encoding="UTF-8"?>
<testng-results ignored="1" total="2" passed="1" failed="0" skipped="0">
  <reporter-output>
  </reporter-output>
  <suite started-at="2025-05-03T12:25:22 EET" name="Default suite" finished-at="2025-05-03T12:25:30 EET" duration-ms="8463">
    <groups>
    </groups>
    <test started-at="2025-05-03T12:25:22 EET" name="Default test" finished-at="2025-05-03T12:25:30 EET" duration-ms="8463">
      <class name="codenboxautomationllab.AppTest">
        <test-method is-config="true" signature="mySetup()[pri:0, instance:codenboxautomationllab.AppTest@1817f1eb]" started-at="2025-05-03T12:25:22 EET" name="mySetup" finished-at="2025-05-03T12:25:28 EET" duration-ms="6306" status="PASS">
          <reporter-output>
          </reporter-output>
        </test-method> <!-- mySetup -->
        <test-method signature="DynamicDropDownTest()[pri:2, instance:codenboxautomationllab.AppTest@1817f1eb]" started-at="2025-05-03T12:25:28 EET" name="DynamicDropDownTest" finished-at="2025-05-03T12:25:30 EET" duration-ms="2127" status="PASS">
          <reporter-output>
          </reporter-output>
        </test-method> <!-- DynamicDropDownTest -->
      </class> <!-- codenboxautomationllab.AppTest -->
    </test> <!-- Default test -->
  </suite> <!-- Default suite -->
</testng-results>
