<?xml version="1.0" encoding="UTF-8"?>
<testng-results ignored="8" total="10" passed="2" failed="0" skipped="0">
  <reporter-output>
  </reporter-output>
  <suite started-at="2025-05-13T23:28:47 EET" name="Default suite" finished-at="2025-05-13T23:28:55 EET" duration-ms="8160">
    <groups>
    </groups>
    <test started-at="2025-05-13T23:28:47 EET" name="Default test" finished-at="2025-05-13T23:28:55 EET" duration-ms="8160">
      <class name="codenboxautomationllab.AppTest">
        <test-method is-config="true" signature="mySetup()[pri:0, instance:codenboxautomationllab.AppTest@10ded6a9]" started-at="2025-05-13T23:28:47 EET" name="mySetup" finished-at="2025-05-13T23:28:52 EET" duration-ms="5834" status="PASS">
          <reporter-output>
          </reporter-output>
        </test-method> <!-- mySetup -->
        <test-method signature="HideTest()[pri:9, instance:codenboxautomationllab.AppTest@10ded6a9]" started-at="2025-05-13T23:28:52 EET" name="HideTest" finished-at="2025-05-13T23:28:54 EET" duration-ms="1186" status="PASS">
          <reporter-output>
          </reporter-output>
        </test-method> <!-- HideTest -->
        <test-method signature="ShowTest()[pri:10, instance:codenboxautomationllab.AppTest@10ded6a9]" started-at="2025-05-13T23:28:54 EET" name="ShowTest" finished-at="2025-05-13T23:28:55 EET" duration-ms="1106" status="PASS">
          <reporter-output>
          </reporter-output>
        </test-method> <!-- ShowTest -->
      </class> <!-- codenboxautomationllab.AppTest -->
    </test> <!-- Default test -->
  </suite> <!-- Default suite -->
</testng-results>
